2019-11-06 17:21:16,778 INFO org.springframework.boot.StartupInfoLogger [main] Starting TransactionRepositoryTest on SAO-LT-191014B with PID 17852 (started by david.martinez in C:\Users\david.martinez\git\exampleApp\ServerApp)
2019-11-06 17:21:16,780 DEBUG org.springframework.boot.StartupInfoLogger [main] Running with Spring Boot v2.1.9.RELEASE, Spring v5.1.10.RELEASE
2019-11-06 17:21:16,780 INFO org.springframework.boot.SpringApplication [main] The following profiles are active: test
2019-11-06 17:21:16,808 DEBUG org.springframework.context.support.AbstractApplicationContext [main] Refreshing org.springframework.web.context.support.GenericWebApplicationContext@7bbc8656
2019-11-06 17:21:17,826 INFO org.springframework.data.repository.config.RepositoryConfigurationDelegate [main] Bootstrapping Spring Data repositories in DEFAULT mode.
2019-11-06 17:21:17,935 INFO org.springframework.data.repository.config.RepositoryConfigurationDelegate [main] Finished Spring Data repository scanning in 97ms. Found 2 repository interfaces.
2019-11-06 17:21:18,495 INFO org.springframework.context.support.PostProcessorRegistrationDelegate$BeanPostProcessorChecker [main] Bean 'org.springframework.transaction.annotation.ProxyTransactionManagementConfiguration' of type [org.springframework.transaction.annotation.ProxyTransactionManagementConfiguration$$EnhancerBySpringCGLIB$$30b5bc6b] is not eligible for getting processed by all BeanPostProcessors (for example: not eligible for auto-proxying)
2019-11-06 17:21:18,746 INFO com.zaxxer.hikari.HikariDataSource [main] HikariPool-1 - Starting...
2019-11-06 17:21:18,972 INFO com.zaxxer.hikari.HikariDataSource [main] HikariPool-1 - Start completed.
2019-11-06 17:21:19,074 INFO org.hibernate.jpa.internal.util.LogHelper [main] HHH000204: Processing PersistenceUnitInfo [name: default]
2019-11-06 17:21:19,161 INFO org.hibernate.Version [main] HHH000412: Hibernate Core {5.4.6.Final}
2019-11-06 17:21:19,339 INFO org.hibernate.annotations.common.reflection.java.JavaReflectionManager [main] HCANN000001: Hibernate Commons Annotations {5.1.0.Final}
2019-11-06 17:21:19,685 INFO org.hibernate.dialect.Dialect [main] HHH000400: Using dialect: org.hibernate.dialect.H2Dialect
2019-11-06 17:21:20,120 INFO org.hibernate.tuple.PojoInstantiator [main] HHH000182: No default (no-argument) constructor for class: com.example.app.model.Transaction (class must be instantiated by Interceptor)
2019-11-06 17:21:20,489 INFO org.hibernate.engine.transaction.jta.platform.internal.JtaPlatformInitiator [main] HHH000490: Using JtaPlatform implementation: [org.hibernate.engine.transaction.jta.platform.internal.NoJtaPlatform]
2019-11-06 17:21:20,498 INFO org.springframework.orm.jpa.AbstractEntityManagerFactoryBean [main] Initialized JPA EntityManagerFactory for persistence unit 'default'
2019-11-06 17:21:20,526 WARN org.springframework.context.support.AbstractApplicationContext [main] Exception encountered during context initialization - cancelling refresh attempt: org.springframework.beans.factory.UnsatisfiedDependencyException: Error creating bean with name 'debitsCheckController': Unsatisfied dependency expressed through field 'transactionService'; nested exception is org.springframework.beans.factory.NoSuchBeanDefinitionException: No qualifying bean of type 'com.example.app.service.TransactionService' available: expected at least 1 bean which qualifies as autowire candidate. Dependency annotations: {@org.springframework.beans.factory.annotation.Autowired(required=true)}
2019-11-06 17:21:20,527 INFO org.springframework.orm.jpa.AbstractEntityManagerFactoryBean [main] Closing JPA EntityManagerFactory for persistence unit 'default'
2019-11-06 17:21:20,528 INFO org.hibernate.tool.schema.internal.SchemaDropperImpl$DelayedDropActionImpl [main] HHH000477: Starting delayed evictData of schema as part of SessionFactory shut-down'
2019-11-06 17:21:20,535 INFO com.zaxxer.hikari.HikariDataSource [main] HikariPool-1 - Shutdown initiated...
2019-11-06 17:21:20,538 INFO com.zaxxer.hikari.HikariDataSource [main] HikariPool-1 - Shutdown completed.
2019-11-06 17:21:20,546 INFO org.springframework.boot.autoconfigure.logging.ConditionEvaluationReportLoggingListener [main] 

Error starting ApplicationContext. To display the conditions report re-run your application with 'debug' enabled.
2019-11-06 17:21:20,701 ERROR org.springframework.boot.diagnostics.LoggingFailureAnalysisReporter [main] 

***************************
APPLICATION FAILED TO START
***************************

Description:

Field transactionService in com.example.app.controller.DebitsCheckController required a bean of type 'com.example.app.service.TransactionService' that could not be found.

The injection point has the following annotations:
	- @org.springframework.beans.factory.annotation.Autowired(required=true)


Action:

Consider defining a bean of type 'com.example.app.service.TransactionService' in your configuration.

2019-11-06 17:21:20,705 ERROR org.springframework.test.context.TestContextManager [main] Caught exception while allowing TestExecutionListener [org.springframework.test.context.web.ServletTestExecutionListener@747ddf94] to prepare test instance [com.example.app.unit.repository.TransactionRepositoryTest@4e17442f]
java.lang.IllegalStateException: Failed to load ApplicationContext
	at org.springframework.test.context.cache.DefaultCacheAwareContextLoaderDelegate.loadContext(DefaultCacheAwareContextLoaderDelegate.java:125)
	at org.springframework.test.context.support.DefaultTestContext.getApplicationContext(DefaultTestContext.java:108)
	at org.springframework.test.context.web.ServletTestExecutionListener.setUpRequestContextIfNecessary(ServletTestExecutionListener.java:190)
	at org.springframework.test.context.web.ServletTestExecutionListener.prepareTestInstance(ServletTestExecutionListener.java:132)
	at org.springframework.test.context.TestContextManager.prepareTestInstance(TestContextManager.java:246)
	at org.springframework.test.context.junit4.SpringJUnit4ClassRunner.createTest(SpringJUnit4ClassRunner.java:227)
	at org.springframework.test.context.junit4.SpringJUnit4ClassRunner$1.runReflectiveCall(SpringJUnit4ClassRunner.java:289)
	at org.junit.internal.runners.model.ReflectiveCallable.run(ReflectiveCallable.java:12)
	at org.springframework.test.context.junit4.SpringJUnit4ClassRunner.methodBlock(SpringJUnit4ClassRunner.java:291)
	at org.springframework.test.context.junit4.SpringJUnit4ClassRunner.runChild(SpringJUnit4ClassRunner.java:246)
	at org.springframework.test.context.junit4.SpringJUnit4ClassRunner.runChild(SpringJUnit4ClassRunner.java:97)
	at org.junit.runners.ParentRunner$3.run(ParentRunner.java:290)
	at org.junit.runners.ParentRunner$1.schedule(ParentRunner.java:71)
	at org.junit.runners.ParentRunner.runChildren(ParentRunner.java:288)
	at org.junit.runners.ParentRunner.access$000(ParentRunner.java:58)
	at org.junit.runners.ParentRunner$2.evaluate(ParentRunner.java:268)
	at org.springframework.test.context.junit4.statements.RunBeforeTestClassCallbacks.evaluate(RunBeforeTestClassCallbacks.java:61)
	at org.springframework.test.context.junit4.statements.RunAfterTestClassCallbacks.evaluate(RunAfterTestClassCallbacks.java:70)
	at org.junit.runners.ParentRunner.run(ParentRunner.java:363)
	at org.springframework.test.context.junit4.SpringJUnit4ClassRunner.run(SpringJUnit4ClassRunner.java:190)
	at org.eclipse.jdt.internal.junit4.runner.JUnit4TestReference.run(JUnit4TestReference.java:89)
	at org.eclipse.jdt.internal.junit.runner.TestExecution.run(TestExecution.java:41)
	at org.eclipse.jdt.internal.junit.runner.RemoteTestRunner.runTests(RemoteTestRunner.java:541)
	at org.eclipse.jdt.internal.junit.runner.RemoteTestRunner.runTests(RemoteTestRunner.java:763)
	at org.eclipse.jdt.internal.junit.runner.RemoteTestRunner.run(RemoteTestRunner.java:463)
	at org.eclipse.jdt.internal.junit.runner.RemoteTestRunner.main(RemoteTestRunner.java:209)
Caused by: org.springframework.beans.factory.UnsatisfiedDependencyException: Error creating bean with name 'debitsCheckController': Unsatisfied dependency expressed through field 'transactionService'; nested exception is org.springframework.beans.factory.NoSuchBeanDefinitionException: No qualifying bean of type 'com.example.app.service.TransactionService' available: expected at least 1 bean which qualifies as autowire candidate. Dependency annotations: {@org.springframework.beans.factory.annotation.Autowired(required=true)}
	at org.springframework.beans.factory.annotation.AutowiredAnnotationBeanPostProcessor$AutowiredFieldElement.inject(AutowiredAnnotationBeanPostProcessor.java:598)
	at org.springframework.beans.factory.annotation.InjectionMetadata.inject(InjectionMetadata.java:90)
	at org.springframework.beans.factory.annotation.AutowiredAnnotationBeanPostProcessor.postProcessProperties(AutowiredAnnotationBeanPostProcessor.java:376)
	at org.springframework.beans.factory.support.AbstractAutowireCapableBeanFactory.populateBean(AbstractAutowireCapableBeanFactory.java:1411)
	at org.springframework.beans.factory.support.AbstractAutowireCapableBeanFactory.doCreateBean(AbstractAutowireCapableBeanFactory.java:592)
	at org.springframework.beans.factory.support.AbstractAutowireCapableBeanFactory.createBean(AbstractAutowireCapableBeanFactory.java:515)
	at org.springframework.beans.factory.support.AbstractBeanFactory.lambda$doGetBean$0(AbstractBeanFactory.java:320)
	at org.springframework.beans.factory.support.DefaultSingletonBeanRegistry.getSingleton(DefaultSingletonBeanRegistry.java:222)
	at org.springframework.beans.factory.support.AbstractBeanFactory.doGetBean(AbstractBeanFactory.java:318)
	at org.springframework.beans.factory.support.AbstractBeanFactory.getBean(AbstractBeanFactory.java:199)
	at org.springframework.beans.factory.support.DefaultListableBeanFactory.preInstantiateSingletons(DefaultListableBeanFactory.java:847)
	at org.springframework.context.support.AbstractApplicationContext.finishBeanFactoryInitialization(AbstractApplicationContext.java:877)
	at org.springframework.context.support.AbstractApplicationContext.refresh(AbstractApplicationContext.java:549)
	at org.springframework.boot.SpringApplication.refresh(SpringApplication.java:744)
	at org.springframework.boot.SpringApplication.refreshContext(SpringApplication.java:391)
	at org.springframework.boot.SpringApplication.run(SpringApplication.java:312)
	at org.springframework.boot.test.context.SpringBootContextLoader.loadContext(SpringBootContextLoader.java:120)
	at org.springframework.test.context.cache.DefaultCacheAwareContextLoaderDelegate.loadContextInternal(DefaultCacheAwareContextLoaderDelegate.java:99)
	at org.springframework.test.context.cache.DefaultCacheAwareContextLoaderDelegate.loadContext(DefaultCacheAwareContextLoaderDelegate.java:117)
	... 25 common frames omitted
Caused by: org.springframework.beans.factory.NoSuchBeanDefinitionException: No qualifying bean of type 'com.example.app.service.TransactionService' available: expected at least 1 bean which qualifies as autowire candidate. Dependency annotations: {@org.springframework.beans.factory.annotation.Autowired(required=true)}
	at org.springframework.beans.factory.support.DefaultListableBeanFactory.raiseNoMatchingBeanFound(DefaultListableBeanFactory.java:1662)
	at org.springframework.beans.factory.support.DefaultListableBeanFactory.doResolveDependency(DefaultListableBeanFactory.java:1221)
	at org.springframework.beans.factory.support.DefaultListableBeanFactory.resolveDependency(DefaultListableBeanFactory.java:1175)
	at org.springframework.beans.factory.annotation.AutowiredAnnotationBeanPostProcessor$AutowiredFieldElement.inject(AutowiredAnnotationBeanPostProcessor.java:595)
	... 43 common frames omitted
2019-11-06 17:22:30,446 INFO org.springframework.boot.StartupInfoLogger [main] Starting TransactionRepositoryTest on SAO-LT-191014B with PID 18472 (started by david.martinez in C:\Users\david.martinez\git\exampleApp\ServerApp)
2019-11-06 17:22:30,448 DEBUG org.springframework.boot.StartupInfoLogger [main] Running with Spring Boot v2.1.9.RELEASE, Spring v5.1.10.RELEASE
2019-11-06 17:22:30,448 INFO org.springframework.boot.SpringApplication [main] The following profiles are active: test
2019-11-06 17:22:30,483 DEBUG org.springframework.context.support.AbstractApplicationContext [main] Refreshing org.springframework.web.context.support.GenericWebApplicationContext@7bbc8656
2019-11-06 17:22:31,261 INFO org.springframework.data.repository.config.RepositoryConfigurationDelegate [main] Bootstrapping Spring Data repositories in DEFAULT mode.
2019-11-06 17:22:31,360 INFO org.springframework.data.repository.config.RepositoryConfigurationDelegate [main] Finished Spring Data repository scanning in 87ms. Found 2 repository interfaces.
2019-11-06 17:22:31,832 INFO org.springframework.context.support.PostProcessorRegistrationDelegate$BeanPostProcessorChecker [main] Bean 'org.springframework.transaction.annotation.ProxyTransactionManagementConfiguration' of type [org.springframework.transaction.annotation.ProxyTransactionManagementConfiguration$$EnhancerBySpringCGLIB$$aff30bab] is not eligible for getting processed by all BeanPostProcessors (for example: not eligible for auto-proxying)
2019-11-06 17:22:32,042 INFO com.zaxxer.hikari.HikariDataSource [main] HikariPool-1 - Starting...
2019-11-06 17:22:32,238 INFO com.zaxxer.hikari.HikariDataSource [main] HikariPool-1 - Start completed.
2019-11-06 17:22:32,334 INFO org.hibernate.jpa.internal.util.LogHelper [main] HHH000204: Processing PersistenceUnitInfo [name: default]
2019-11-06 17:22:32,405 INFO org.hibernate.Version [main] HHH000412: Hibernate Core {5.4.6.Final}
2019-11-06 17:22:32,553 INFO org.hibernate.annotations.common.reflection.java.JavaReflectionManager [main] HCANN000001: Hibernate Commons Annotations {5.1.0.Final}
2019-11-06 17:22:32,871 INFO org.hibernate.dialect.Dialect [main] HHH000400: Using dialect: org.hibernate.dialect.H2Dialect
2019-11-06 17:22:33,274 INFO org.hibernate.tuple.PojoInstantiator [main] HHH000182: No default (no-argument) constructor for class: com.example.app.model.Transaction (class must be instantiated by Interceptor)
2019-11-06 17:22:33,589 INFO org.hibernate.engine.transaction.jta.platform.internal.JtaPlatformInitiator [main] HHH000490: Using JtaPlatform implementation: [org.hibernate.engine.transaction.jta.platform.internal.NoJtaPlatform]
2019-11-06 17:22:33,596 INFO org.springframework.orm.jpa.AbstractEntityManagerFactoryBean [main] Initialized JPA EntityManagerFactory for persistence unit 'default'
2019-11-06 17:22:34,515 DEBUG org.springframework.web.servlet.handler.SimpleUrlHandlerMapping [main] Patterns [/**/favicon.ico] in 'faviconHandlerMapping'
2019-11-06 17:22:35,051 INFO org.springframework.scheduling.concurrent.ExecutorConfigurationSupport [main] Initializing ExecutorService 'applicationTaskExecutor'
2019-11-06 17:22:35,071 DEBUG org.springframework.web.servlet.mvc.method.annotation.RequestMappingHandlerAdapter [main] ControllerAdvice beans: 0 @ModelAttribute, 0 @InitBinder, 1 RequestBodyAdvice, 1 ResponseBodyAdvice
2019-11-06 17:22:35,119 WARN org.springframework.boot.autoconfigure.orm.jpa.JpaBaseConfiguration$JpaWebConfiguration$JpaWebMvcConfiguration [main] spring.jpa.open-in-view is enabled by default. Therefore, database queries may be performed during view rendering. Explicitly configure spring.jpa.open-in-view to disable this warning
2019-11-06 17:22:35,184 DEBUG org.springframework.web.servlet.handler.AbstractHandlerMethodMapping [main] 9 mappings in 'requestMappingHandlerMapping'
2019-11-06 17:22:35,231 DEBUG org.springframework.web.servlet.handler.SimpleUrlHandlerMapping [main] Patterns [/webjars/**, /**] in 'resourceHandlerMapping'
2019-11-06 17:22:35,254 DEBUG org.springframework.web.servlet.mvc.method.annotation.ExceptionHandlerExceptionResolver [main] ControllerAdvice beans: 0 @ExceptionHandler, 1 ResponseBodyAdvice
2019-11-06 17:22:35,588 INFO org.springframework.boot.StartupInfoLogger [main] Started TransactionRepositoryTest in 5.508 seconds (JVM running for 6.256)
2019-11-06 17:22:35,629 ERROR org.springframework.test.context.TestContextManager [main] Caught exception while allowing TestExecutionListener [org.springframework.boot.test.autoconfigure.SpringBootDependencyInjectionTestExecutionListener@55183b20] to prepare test instance [com.example.app.unit.repository.TransactionRepositoryTest@18db3b3c]
org.springframework.beans.factory.UnsatisfiedDependencyException: Error creating bean with name 'com.example.app.unit.repository.TransactionRepositoryTest': Unsatisfied dependency expressed through field 'transaction'; nested exception is org.springframework.beans.factory.UnsatisfiedDependencyException: Error creating bean with name 'transaction' defined in file [C:\Users\david.martinez\git\exampleApp\ServerApp\target\classes\com\example\app\model\Transaction.class]: Unsatisfied dependency expressed through constructor parameter 0; nested exception is org.springframework.beans.factory.NoSuchBeanDefinitionException: No qualifying bean of type 'java.lang.Long' available: expected at least 1 bean which qualifies as autowire candidate. Dependency annotations: {}
	at org.springframework.beans.factory.annotation.AutowiredAnnotationBeanPostProcessor$AutowiredFieldElement.inject(AutowiredAnnotationBeanPostProcessor.java:598)
	at org.springframework.beans.factory.annotation.InjectionMetadata.inject(InjectionMetadata.java:90)
	at org.springframework.beans.factory.annotation.AutowiredAnnotationBeanPostProcessor.postProcessProperties(AutowiredAnnotationBeanPostProcessor.java:376)
	at org.springframework.beans.factory.support.AbstractAutowireCapableBeanFactory.populateBean(AbstractAutowireCapableBeanFactory.java:1411)
	at org.springframework.beans.factory.support.AbstractAutowireCapableBeanFactory.autowireBeanProperties(AbstractAutowireCapableBeanFactory.java:391)
	at org.springframework.test.context.support.DependencyInjectionTestExecutionListener.injectDependencies(DependencyInjectionTestExecutionListener.java:119)
	at org.springframework.test.context.support.DependencyInjectionTestExecutionListener.prepareTestInstance(DependencyInjectionTestExecutionListener.java:83)
	at org.springframework.boot.test.autoconfigure.SpringBootDependencyInjectionTestExecutionListener.prepareTestInstance(SpringBootDependencyInjectionTestExecutionListener.java:43)
	at org.springframework.test.context.TestContextManager.prepareTestInstance(TestContextManager.java:246)
	at org.springframework.test.context.junit4.SpringJUnit4ClassRunner.createTest(SpringJUnit4ClassRunner.java:227)
	at org.springframework.test.context.junit4.SpringJUnit4ClassRunner$1.runReflectiveCall(SpringJUnit4ClassRunner.java:289)
	at org.junit.internal.runners.model.ReflectiveCallable.run(ReflectiveCallable.java:12)
	at org.springframework.test.context.junit4.SpringJUnit4ClassRunner.methodBlock(SpringJUnit4ClassRunner.java:291)
	at org.springframework.test.context.junit4.SpringJUnit4ClassRunner.runChild(SpringJUnit4ClassRunner.java:246)
	at org.springframework.test.context.junit4.SpringJUnit4ClassRunner.runChild(SpringJUnit4ClassRunner.java:97)
	at org.junit.runners.ParentRunner$3.run(ParentRunner.java:290)
	at org.junit.runners.ParentRunner$1.schedule(ParentRunner.java:71)
	at org.junit.runners.ParentRunner.runChildren(ParentRunner.java:288)
	at org.junit.runners.ParentRunner.access$000(ParentRunner.java:58)
	at org.junit.runners.ParentRunner$2.evaluate(ParentRunner.java:268)
	at org.springframework.test.context.junit4.statements.RunBeforeTestClassCallbacks.evaluate(RunBeforeTestClassCallbacks.java:61)
	at org.springframework.test.context.junit4.statements.RunAfterTestClassCallbacks.evaluate(RunAfterTestClassCallbacks.java:70)
	at org.junit.runners.ParentRunner.run(ParentRunner.java:363)
	at org.springframework.test.context.junit4.SpringJUnit4ClassRunner.run(SpringJUnit4ClassRunner.java:190)
	at org.eclipse.jdt.internal.junit4.runner.JUnit4TestReference.run(JUnit4TestReference.java:89)
	at org.eclipse.jdt.internal.junit.runner.TestExecution.run(TestExecution.java:41)
	at org.eclipse.jdt.internal.junit.runner.RemoteTestRunner.runTests(RemoteTestRunner.java:541)
	at org.eclipse.jdt.internal.junit.runner.RemoteTestRunner.runTests(RemoteTestRunner.java:763)
	at org.eclipse.jdt.internal.junit.runner.RemoteTestRunner.run(RemoteTestRunner.java:463)
	at org.eclipse.jdt.internal.junit.runner.RemoteTestRunner.main(RemoteTestRunner.java:209)
Caused by: org.springframework.beans.factory.UnsatisfiedDependencyException: Error creating bean with name 'transaction' defined in file [C:\Users\david.martinez\git\exampleApp\ServerApp\target\classes\com\example\app\model\Transaction.class]: Unsatisfied dependency expressed through constructor parameter 0; nested exception is org.springframework.beans.factory.NoSuchBeanDefinitionException: No qualifying bean of type 'java.lang.Long' available: expected at least 1 bean which qualifies as autowire candidate. Dependency annotations: {}
	at org.springframework.beans.factory.support.ConstructorResolver.createArgumentArray(ConstructorResolver.java:769)
	at org.springframework.beans.factory.support.ConstructorResolver.autowireConstructor(ConstructorResolver.java:218)
	at org.springframework.beans.factory.support.AbstractAutowireCapableBeanFactory.autowireConstructor(AbstractAutowireCapableBeanFactory.java:1341)
	at org.springframework.beans.factory.support.AbstractAutowireCapableBeanFactory.createBeanInstance(AbstractAutowireCapableBeanFactory.java:1187)
	at org.springframework.beans.factory.support.AbstractAutowireCapableBeanFactory.doCreateBean(AbstractAutowireCapableBeanFactory.java:555)
	at org.springframework.beans.factory.support.AbstractAutowireCapableBeanFactory.createBean(AbstractAutowireCapableBeanFactory.java:515)
	at org.springframework.beans.factory.support.AbstractBeanFactory.lambda$doGetBean$1(AbstractBeanFactory.java:356)
	at org.springframework.web.context.request.AbstractRequestAttributesScope.get(AbstractRequestAttributesScope.java:45)
	at org.springframework.beans.factory.support.AbstractBeanFactory.doGetBean(AbstractBeanFactory.java:353)
	at org.springframework.beans.factory.support.AbstractBeanFactory.getBean(AbstractBeanFactory.java:199)
	at org.springframework.beans.factory.config.DependencyDescriptor.resolveCandidate(DependencyDescriptor.java:277)
	at org.springframework.beans.factory.support.DefaultListableBeanFactory.doResolveDependency(DefaultListableBeanFactory.java:1255)
	at org.springframework.beans.factory.support.DefaultListableBeanFactory.resolveDependency(DefaultListableBeanFactory.java:1175)
	at org.springframework.beans.factory.annotation.AutowiredAnnotationBeanPostProcessor$AutowiredFieldElement.inject(AutowiredAnnotationBeanPostProcessor.java:595)
	... 29 common frames omitted
Caused by: org.springframework.beans.factory.NoSuchBeanDefinitionException: No qualifying bean of type 'java.lang.Long' available: expected at least 1 bean which qualifies as autowire candidate. Dependency annotations: {}
	at org.springframework.beans.factory.support.DefaultListableBeanFactory.raiseNoMatchingBeanFound(DefaultListableBeanFactory.java:1662)
	at org.springframework.beans.factory.support.DefaultListableBeanFactory.doResolveDependency(DefaultListableBeanFactory.java:1221)
	at org.springframework.beans.factory.support.DefaultListableBeanFactory.resolveDependency(DefaultListableBeanFactory.java:1175)
	at org.springframework.beans.factory.support.ConstructorResolver.resolveAutowiredArgument(ConstructorResolver.java:857)
	at org.springframework.beans.factory.support.ConstructorResolver.createArgumentArray(ConstructorResolver.java:760)
	... 42 common frames omitted
2019-11-06 17:22:35,637 DEBUG org.springframework.context.support.AbstractApplicationContext [Thread-3] Closing org.springframework.web.context.support.GenericWebApplicationContext@7bbc8656, started on Wed Nov 06 17:22:30 CST 2019
2019-11-06 17:22:35,641 INFO org.springframework.scheduling.concurrent.ExecutorConfigurationSupport [Thread-3] Shutting down ExecutorService 'applicationTaskExecutor'
2019-11-06 17:22:35,645 INFO org.springframework.orm.jpa.AbstractEntityManagerFactoryBean [Thread-3] Closing JPA EntityManagerFactory for persistence unit 'default'
2019-11-06 17:22:35,647 INFO org.hibernate.tool.schema.internal.SchemaDropperImpl$DelayedDropActionImpl [Thread-3] HHH000477: Starting delayed evictData of schema as part of SessionFactory shut-down'
2019-11-06 17:22:35,657 INFO com.zaxxer.hikari.HikariDataSource [Thread-3] HikariPool-1 - Shutdown initiated...
2019-11-06 17:22:35,661 INFO com.zaxxer.hikari.HikariDataSource [Thread-3] HikariPool-1 - Shutdown completed.
2019-11-06 17:24:20,274 INFO org.springframework.boot.StartupInfoLogger [main] Starting TransactionRepositoryTest on SAO-LT-191014B with PID 9896 (started by david.martinez in C:\Users\david.martinez\git\exampleApp\ServerApp)
2019-11-06 17:24:20,276 DEBUG org.springframework.boot.StartupInfoLogger [main] Running with Spring Boot v2.1.9.RELEASE, Spring v5.1.10.RELEASE
2019-11-06 17:24:20,276 INFO org.springframework.boot.SpringApplication [main] The following profiles are active: test
2019-11-06 17:24:20,309 DEBUG org.springframework.context.support.AbstractApplicationContext [main] Refreshing org.springframework.web.context.support.GenericWebApplicationContext@7bbc8656
2019-11-06 17:24:21,035 INFO org.springframework.data.repository.config.RepositoryConfigurationDelegate [main] Bootstrapping Spring Data repositories in DEFAULT mode.
2019-11-06 17:24:21,144 INFO org.springframework.data.repository.config.RepositoryConfigurationDelegate [main] Finished Spring Data repository scanning in 96ms. Found 2 repository interfaces.
2019-11-06 17:24:21,655 INFO org.springframework.context.support.PostProcessorRegistrationDelegate$BeanPostProcessorChecker [main] Bean 'org.springframework.transaction.annotation.ProxyTransactionManagementConfiguration' of type [org.springframework.transaction.annotation.ProxyTransactionManagementConfiguration$$EnhancerBySpringCGLIB$$ca0d508f] is not eligible for getting processed by all BeanPostProcessors (for example: not eligible for auto-proxying)
2019-11-06 17:24:21,874 INFO com.zaxxer.hikari.HikariDataSource [main] HikariPool-1 - Starting...
2019-11-06 17:24:22,069 INFO com.zaxxer.hikari.HikariDataSource [main] HikariPool-1 - Start completed.
2019-11-06 17:24:22,164 INFO org.hibernate.jpa.internal.util.LogHelper [main] HHH000204: Processing PersistenceUnitInfo [name: default]
2019-11-06 17:24:22,234 INFO org.hibernate.Version [main] HHH000412: Hibernate Core {5.4.6.Final}
2019-11-06 17:24:22,370 INFO org.hibernate.annotations.common.reflection.java.JavaReflectionManager [main] HCANN000001: Hibernate Commons Annotations {5.1.0.Final}
2019-11-06 17:24:22,671 INFO org.hibernate.dialect.Dialect [main] HHH000400: Using dialect: org.hibernate.dialect.H2Dialect
2019-11-06 17:24:23,066 INFO org.hibernate.tuple.PojoInstantiator [main] HHH000182: No default (no-argument) constructor for class: com.example.app.model.Transaction (class must be instantiated by Interceptor)
2019-11-06 17:24:23,381 INFO org.hibernate.engine.transaction.jta.platform.internal.JtaPlatformInitiator [main] HHH000490: Using JtaPlatform implementation: [org.hibernate.engine.transaction.jta.platform.internal.NoJtaPlatform]
2019-11-06 17:24:23,388 INFO org.springframework.orm.jpa.AbstractEntityManagerFactoryBean [main] Initialized JPA EntityManagerFactory for persistence unit 'default'
2019-11-06 17:24:24,376 DEBUG org.springframework.web.servlet.handler.SimpleUrlHandlerMapping [main] Patterns [/**/favicon.ico] in 'faviconHandlerMapping'
2019-11-06 17:24:24,831 INFO org.springframework.scheduling.concurrent.ExecutorConfigurationSupport [main] Initializing ExecutorService 'applicationTaskExecutor'
2019-11-06 17:24:24,851 DEBUG org.springframework.web.servlet.mvc.method.annotation.RequestMappingHandlerAdapter [main] ControllerAdvice beans: 0 @ModelAttribute, 0 @InitBinder, 1 RequestBodyAdvice, 1 ResponseBodyAdvice
2019-11-06 17:24:24,901 WARN org.springframework.boot.autoconfigure.orm.jpa.JpaBaseConfiguration$JpaWebConfiguration$JpaWebMvcConfiguration [main] spring.jpa.open-in-view is enabled by default. Therefore, database queries may be performed during view rendering. Explicitly configure spring.jpa.open-in-view to disable this warning
2019-11-06 17:24:24,966 DEBUG org.springframework.web.servlet.handler.AbstractHandlerMethodMapping [main] 9 mappings in 'requestMappingHandlerMapping'
2019-11-06 17:24:25,018 DEBUG org.springframework.web.servlet.handler.SimpleUrlHandlerMapping [main] Patterns [/webjars/**, /**] in 'resourceHandlerMapping'
2019-11-06 17:24:25,037 DEBUG org.springframework.web.servlet.mvc.method.annotation.ExceptionHandlerExceptionResolver [main] ControllerAdvice beans: 0 @ExceptionHandler, 1 ResponseBodyAdvice
2019-11-06 17:24:25,367 INFO org.springframework.boot.StartupInfoLogger [main] Started TransactionRepositoryTest in 5.457 seconds (JVM running for 6.2)
2019-11-06 17:24:25,405 ERROR org.springframework.test.context.TestContextManager [main] Caught exception while allowing TestExecutionListener [org.springframework.boot.test.autoconfigure.SpringBootDependencyInjectionTestExecutionListener@55183b20] to prepare test instance [com.example.app.unit.repository.TransactionRepositoryTest@17f8db6]
org.springframework.beans.factory.UnsatisfiedDependencyException: Error creating bean with name 'com.example.app.unit.repository.TransactionRepositoryTest': Unsatisfied dependency expressed through field 'transaction'; nested exception is org.springframework.beans.factory.UnsatisfiedDependencyException: Error creating bean with name 'transaction' defined in file [C:\Users\david.martinez\git\exampleApp\ServerApp\target\classes\com\example\app\model\Transaction.class]: Unsatisfied dependency expressed through constructor parameter 0; nested exception is org.springframework.beans.factory.NoSuchBeanDefinitionException: No qualifying bean of type 'java.lang.Long' available: expected at least 1 bean which qualifies as autowire candidate. Dependency annotations: {}
	at org.springframework.beans.factory.annotation.AutowiredAnnotationBeanPostProcessor$AutowiredFieldElement.inject(AutowiredAnnotationBeanPostProcessor.java:598)
	at org.springframework.beans.factory.annotation.InjectionMetadata.inject(InjectionMetadata.java:90)
	at org.springframework.beans.factory.annotation.AutowiredAnnotationBeanPostProcessor.postProcessProperties(AutowiredAnnotationBeanPostProcessor.java:376)
	at org.springframework.beans.factory.support.AbstractAutowireCapableBeanFactory.populateBean(AbstractAutowireCapableBeanFactory.java:1411)
	at org.springframework.beans.factory.support.AbstractAutowireCapableBeanFactory.autowireBeanProperties(AbstractAutowireCapableBeanFactory.java:391)
	at org.springframework.test.context.support.DependencyInjectionTestExecutionListener.injectDependencies(DependencyInjectionTestExecutionListener.java:119)
	at org.springframework.test.context.support.DependencyInjectionTestExecutionListener.prepareTestInstance(DependencyInjectionTestExecutionListener.java:83)
	at org.springframework.boot.test.autoconfigure.SpringBootDependencyInjectionTestExecutionListener.prepareTestInstance(SpringBootDependencyInjectionTestExecutionListener.java:43)
	at org.springframework.test.context.TestContextManager.prepareTestInstance(TestContextManager.java:246)
	at org.springframework.test.context.junit4.SpringJUnit4ClassRunner.createTest(SpringJUnit4ClassRunner.java:227)
	at org.springframework.test.context.junit4.SpringJUnit4ClassRunner$1.runReflectiveCall(SpringJUnit4ClassRunner.java:289)
	at org.junit.internal.runners.model.ReflectiveCallable.run(ReflectiveCallable.java:12)
	at org.springframework.test.context.junit4.SpringJUnit4ClassRunner.methodBlock(SpringJUnit4ClassRunner.java:291)
	at org.springframework.test.context.junit4.SpringJUnit4ClassRunner.runChild(SpringJUnit4ClassRunner.java:246)
	at org.springframework.test.context.junit4.SpringJUnit4ClassRunner.runChild(SpringJUnit4ClassRunner.java:97)
	at org.junit.runners.ParentRunner$3.run(ParentRunner.java:290)
	at org.junit.runners.ParentRunner$1.schedule(ParentRunner.java:71)
	at org.junit.runners.ParentRunner.runChildren(ParentRunner.java:288)
	at org.junit.runners.ParentRunner.access$000(ParentRunner.java:58)
	at org.junit.runners.ParentRunner$2.evaluate(ParentRunner.java:268)
	at org.springframework.test.context.junit4.statements.RunBeforeTestClassCallbacks.evaluate(RunBeforeTestClassCallbacks.java:61)
	at org.springframework.test.context.junit4.statements.RunAfterTestClassCallbacks.evaluate(RunAfterTestClassCallbacks.java:70)
	at org.junit.runners.ParentRunner.run(ParentRunner.java:363)
	at org.springframework.test.context.junit4.SpringJUnit4ClassRunner.run(SpringJUnit4ClassRunner.java:190)
	at org.eclipse.jdt.internal.junit4.runner.JUnit4TestReference.run(JUnit4TestReference.java:89)
	at org.eclipse.jdt.internal.junit.runner.TestExecution.run(TestExecution.java:41)
	at org.eclipse.jdt.internal.junit.runner.RemoteTestRunner.runTests(RemoteTestRunner.java:541)
	at org.eclipse.jdt.internal.junit.runner.RemoteTestRunner.runTests(RemoteTestRunner.java:763)
	at org.eclipse.jdt.internal.junit.runner.RemoteTestRunner.run(RemoteTestRunner.java:463)
	at org.eclipse.jdt.internal.junit.runner.RemoteTestRunner.main(RemoteTestRunner.java:209)
Caused by: org.springframework.beans.factory.UnsatisfiedDependencyException: Error creating bean with name 'transaction' defined in file [C:\Users\david.martinez\git\exampleApp\ServerApp\target\classes\com\example\app\model\Transaction.class]: Unsatisfied dependency expressed through constructor parameter 0; nested exception is org.springframework.beans.factory.NoSuchBeanDefinitionException: No qualifying bean of type 'java.lang.Long' available: expected at least 1 bean which qualifies as autowire candidate. Dependency annotations: {}
	at org.springframework.beans.factory.support.ConstructorResolver.createArgumentArray(ConstructorResolver.java:769)
	at org.springframework.beans.factory.support.ConstructorResolver.autowireConstructor(ConstructorResolver.java:218)
	at org.springframework.beans.factory.support.AbstractAutowireCapableBeanFactory.autowireConstructor(AbstractAutowireCapableBeanFactory.java:1341)
	at org.springframework.beans.factory.support.AbstractAutowireCapableBeanFactory.createBeanInstance(AbstractAutowireCapableBeanFactory.java:1187)
	at org.springframework.beans.factory.support.AbstractAutowireCapableBeanFactory.doCreateBean(AbstractAutowireCapableBeanFactory.java:555)
	at org.springframework.beans.factory.support.AbstractAutowireCapableBeanFactory.createBean(AbstractAutowireCapableBeanFactory.java:515)
	at org.springframework.beans.factory.support.AbstractBeanFactory.lambda$doGetBean$1(AbstractBeanFactory.java:356)
	at org.springframework.web.context.request.AbstractRequestAttributesScope.get(AbstractRequestAttributesScope.java:45)
	at org.springframework.beans.factory.support.AbstractBeanFactory.doGetBean(AbstractBeanFactory.java:353)
	at org.springframework.beans.factory.support.AbstractBeanFactory.getBean(AbstractBeanFactory.java:199)
	at org.springframework.beans.factory.config.DependencyDescriptor.resolveCandidate(DependencyDescriptor.java:277)
	at org.springframework.beans.factory.support.DefaultListableBeanFactory.doResolveDependency(DefaultListableBeanFactory.java:1255)
	at org.springframework.beans.factory.support.DefaultListableBeanFactory.resolveDependency(DefaultListableBeanFactory.java:1175)
	at org.springframework.beans.factory.annotation.AutowiredAnnotationBeanPostProcessor$AutowiredFieldElement.inject(AutowiredAnnotationBeanPostProcessor.java:595)
	... 29 common frames omitted
Caused by: org.springframework.beans.factory.NoSuchBeanDefinitionException: No qualifying bean of type 'java.lang.Long' available: expected at least 1 bean which qualifies as autowire candidate. Dependency annotations: {}
	at org.springframework.beans.factory.support.DefaultListableBeanFactory.raiseNoMatchingBeanFound(DefaultListableBeanFactory.java:1662)
	at org.springframework.beans.factory.support.DefaultListableBeanFactory.doResolveDependency(DefaultListableBeanFactory.java:1221)
	at org.springframework.beans.factory.support.DefaultListableBeanFactory.resolveDependency(DefaultListableBeanFactory.java:1175)
	at org.springframework.beans.factory.support.ConstructorResolver.resolveAutowiredArgument(ConstructorResolver.java:857)
	at org.springframework.beans.factory.support.ConstructorResolver.createArgumentArray(ConstructorResolver.java:760)
	... 42 common frames omitted
2019-11-06 17:24:25,414 DEBUG org.springframework.context.support.AbstractApplicationContext [Thread-3] Closing org.springframework.web.context.support.GenericWebApplicationContext@7bbc8656, started on Wed Nov 06 17:24:20 CST 2019
2019-11-06 17:24:25,417 INFO org.springframework.scheduling.concurrent.ExecutorConfigurationSupport [Thread-3] Shutting down ExecutorService 'applicationTaskExecutor'
2019-11-06 17:24:25,420 INFO org.springframework.orm.jpa.AbstractEntityManagerFactoryBean [Thread-3] Closing JPA EntityManagerFactory for persistence unit 'default'
2019-11-06 17:24:25,421 INFO org.hibernate.tool.schema.internal.SchemaDropperImpl$DelayedDropActionImpl [Thread-3] HHH000477: Starting delayed evictData of schema as part of SessionFactory shut-down'
2019-11-06 17:24:25,428 INFO com.zaxxer.hikari.HikariDataSource [Thread-3] HikariPool-1 - Shutdown initiated...
2019-11-06 17:24:25,435 INFO com.zaxxer.hikari.HikariDataSource [Thread-3] HikariPool-1 - Shutdown completed.
2019-11-06 17:24:31,896 INFO org.springframework.boot.StartupInfoLogger [main] Starting TransactionRepositoryTest on SAO-LT-191014B with PID 7660 (started by david.martinez in C:\Users\david.martinez\git\exampleApp\ServerApp)
2019-11-06 17:24:31,898 DEBUG org.springframework.boot.StartupInfoLogger [main] Running with Spring Boot v2.1.9.RELEASE, Spring v5.1.10.RELEASE
2019-11-06 17:24:31,899 INFO org.springframework.boot.SpringApplication [main] The following profiles are active: test
2019-11-06 17:24:31,939 DEBUG org.springframework.context.support.AbstractApplicationContext [main] Refreshing org.springframework.web.context.support.GenericWebApplicationContext@7bbc8656
2019-11-06 17:24:32,620 INFO org.springframework.data.repository.config.RepositoryConfigurationDelegate [main] Bootstrapping Spring Data repositories in DEFAULT mode.
2019-11-06 17:24:32,719 INFO org.springframework.data.repository.config.RepositoryConfigurationDelegate [main] Finished Spring Data repository scanning in 87ms. Found 2 repository interfaces.
2019-11-06 17:24:33,144 INFO org.springframework.context.support.PostProcessorRegistrationDelegate$BeanPostProcessorChecker [main] Bean 'org.springframework.transaction.annotation.ProxyTransactionManagementConfiguration' of type [org.springframework.transaction.annotation.ProxyTransactionManagementConfiguration$$EnhancerBySpringCGLIB$$ca0d508f] is not eligible for getting processed by all BeanPostProcessors (for example: not eligible for auto-proxying)
2019-11-06 17:24:33,368 INFO com.zaxxer.hikari.HikariDataSource [main] HikariPool-1 - Starting...
2019-11-06 17:24:33,569 INFO com.zaxxer.hikari.HikariDataSource [main] HikariPool-1 - Start completed.
2019-11-06 17:24:33,654 INFO org.hibernate.jpa.internal.util.LogHelper [main] HHH000204: Processing PersistenceUnitInfo [name: default]
2019-11-06 17:24:33,718 INFO org.hibernate.Version [main] HHH000412: Hibernate Core {5.4.6.Final}
2019-11-06 17:24:33,855 INFO org.hibernate.annotations.common.reflection.java.JavaReflectionManager [main] HCANN000001: Hibernate Commons Annotations {5.1.0.Final}
2019-11-06 17:24:34,153 INFO org.hibernate.dialect.Dialect [main] HHH000400: Using dialect: org.hibernate.dialect.H2Dialect
2019-11-06 17:24:34,572 INFO org.hibernate.tuple.PojoInstantiator [main] HHH000182: No default (no-argument) constructor for class: com.example.app.model.Transaction (class must be instantiated by Interceptor)
2019-11-06 17:24:34,912 INFO org.hibernate.engine.transaction.jta.platform.internal.JtaPlatformInitiator [main] HHH000490: Using JtaPlatform implementation: [org.hibernate.engine.transaction.jta.platform.internal.NoJtaPlatform]
2019-11-06 17:24:34,924 INFO org.springframework.orm.jpa.AbstractEntityManagerFactoryBean [main] Initialized JPA EntityManagerFactory for persistence unit 'default'
2019-11-06 17:24:36,080 DEBUG org.springframework.web.servlet.handler.SimpleUrlHandlerMapping [main] Patterns [/**/favicon.ico] in 'faviconHandlerMapping'
2019-11-06 17:24:36,680 INFO org.springframework.scheduling.concurrent.ExecutorConfigurationSupport [main] Initializing ExecutorService 'applicationTaskExecutor'
2019-11-06 17:24:36,706 DEBUG org.springframework.web.servlet.mvc.method.annotation.RequestMappingHandlerAdapter [main] ControllerAdvice beans: 0 @ModelAttribute, 0 @InitBinder, 1 RequestBodyAdvice, 1 ResponseBodyAdvice
2019-11-06 17:24:36,765 WARN org.springframework.boot.autoconfigure.orm.jpa.JpaBaseConfiguration$JpaWebConfiguration$JpaWebMvcConfiguration [main] spring.jpa.open-in-view is enabled by default. Therefore, database queries may be performed during view rendering. Explicitly configure spring.jpa.open-in-view to disable this warning
2019-11-06 17:24:36,831 DEBUG org.springframework.web.servlet.handler.AbstractHandlerMethodMapping [main] 9 mappings in 'requestMappingHandlerMapping'
2019-11-06 17:24:36,883 DEBUG org.springframework.web.servlet.handler.SimpleUrlHandlerMapping [main] Patterns [/webjars/**, /**] in 'resourceHandlerMapping'
2019-11-06 17:24:36,907 DEBUG org.springframework.web.servlet.mvc.method.annotation.ExceptionHandlerExceptionResolver [main] ControllerAdvice beans: 0 @ExceptionHandler, 1 ResponseBodyAdvice
2019-11-06 17:24:37,321 INFO org.springframework.boot.StartupInfoLogger [main] Started TransactionRepositoryTest in 5.843 seconds (JVM running for 6.587)
2019-11-06 17:24:37,377 ERROR org.springframework.test.context.TestContextManager [main] Caught exception while allowing TestExecutionListener [org.springframework.boot.test.autoconfigure.SpringBootDependencyInjectionTestExecutionListener@55183b20] to prepare test instance [com.example.app.unit.repository.TransactionRepositoryTest@4db728df]
org.springframework.beans.factory.UnsatisfiedDependencyException: Error creating bean with name 'com.example.app.unit.repository.TransactionRepositoryTest': Unsatisfied dependency expressed through field 'transaction'; nested exception is org.springframework.beans.factory.UnsatisfiedDependencyException: Error creating bean with name 'transaction' defined in file [C:\Users\david.martinez\git\exampleApp\ServerApp\target\classes\com\example\app\model\Transaction.class]: Unsatisfied dependency expressed through constructor parameter 0; nested exception is org.springframework.beans.factory.NoSuchBeanDefinitionException: No qualifying bean of type 'java.lang.Long' available: expected at least 1 bean which qualifies as autowire candidate. Dependency annotations: {}
	at org.springframework.beans.factory.annotation.AutowiredAnnotationBeanPostProcessor$AutowiredFieldElement.inject(AutowiredAnnotationBeanPostProcessor.java:598)
	at org.springframework.beans.factory.annotation.InjectionMetadata.inject(InjectionMetadata.java:90)
	at org.springframework.beans.factory.annotation.AutowiredAnnotationBeanPostProcessor.postProcessProperties(AutowiredAnnotationBeanPostProcessor.java:376)
	at org.springframework.beans.factory.support.AbstractAutowireCapableBeanFactory.populateBean(AbstractAutowireCapableBeanFactory.java:1411)
	at org.springframework.beans.factory.support.AbstractAutowireCapableBeanFactory.autowireBeanProperties(AbstractAutowireCapableBeanFactory.java:391)
	at org.springframework.test.context.support.DependencyInjectionTestExecutionListener.injectDependencies(DependencyInjectionTestExecutionListener.java:119)
	at org.springframework.test.context.support.DependencyInjectionTestExecutionListener.prepareTestInstance(DependencyInjectionTestExecutionListener.java:83)
	at org.springframework.boot.test.autoconfigure.SpringBootDependencyInjectionTestExecutionListener.prepareTestInstance(SpringBootDependencyInjectionTestExecutionListener.java:43)
	at org.springframework.test.context.TestContextManager.prepareTestInstance(TestContextManager.java:246)
	at org.springframework.test.context.junit4.SpringJUnit4ClassRunner.createTest(SpringJUnit4ClassRunner.java:227)
	at org.springframework.test.context.junit4.SpringJUnit4ClassRunner$1.runReflectiveCall(SpringJUnit4ClassRunner.java:289)
	at org.junit.internal.runners.model.ReflectiveCallable.run(ReflectiveCallable.java:12)
	at org.springframework.test.context.junit4.SpringJUnit4ClassRunner.methodBlock(SpringJUnit4ClassRunner.java:291)
	at org.springframework.test.context.junit4.SpringJUnit4ClassRunner.runChild(SpringJUnit4ClassRunner.java:246)
	at org.springframework.test.context.junit4.SpringJUnit4ClassRunner.runChild(SpringJUnit4ClassRunner.java:97)
	at org.junit.runners.ParentRunner$3.run(ParentRunner.java:290)
	at org.junit.runners.ParentRunner$1.schedule(ParentRunner.java:71)
	at org.junit.runners.ParentRunner.runChildren(ParentRunner.java:288)
	at org.junit.runners.ParentRunner.access$000(ParentRunner.java:58)
	at org.junit.runners.ParentRunner$2.evaluate(ParentRunner.java:268)
	at org.springframework.test.context.junit4.statements.RunBeforeTestClassCallbacks.evaluate(RunBeforeTestClassCallbacks.java:61)
	at org.springframework.test.context.junit4.statements.RunAfterTestClassCallbacks.evaluate(RunAfterTestClassCallbacks.java:70)
	at org.junit.runners.ParentRunner.run(ParentRunner.java:363)
	at org.springframework.test.context.junit4.SpringJUnit4ClassRunner.run(SpringJUnit4ClassRunner.java:190)
	at org.eclipse.jdt.internal.junit4.runner.JUnit4TestReference.run(JUnit4TestReference.java:89)
	at org.eclipse.jdt.internal.junit.runner.TestExecution.run(TestExecution.java:41)
	at org.eclipse.jdt.internal.junit.runner.RemoteTestRunner.runTests(RemoteTestRunner.java:541)
	at org.eclipse.jdt.internal.junit.runner.RemoteTestRunner.runTests(RemoteTestRunner.java:763)
	at org.eclipse.jdt.internal.junit.runner.RemoteTestRunner.run(RemoteTestRunner.java:463)
	at org.eclipse.jdt.internal.junit.runner.RemoteTestRunner.main(RemoteTestRunner.java:209)
Caused by: org.springframework.beans.factory.UnsatisfiedDependencyException: Error creating bean with name 'transaction' defined in file [C:\Users\david.martinez\git\exampleApp\ServerApp\target\classes\com\example\app\model\Transaction.class]: Unsatisfied dependency expressed through constructor parameter 0; nested exception is org.springframework.beans.factory.NoSuchBeanDefinitionException: No qualifying bean of type 'java.lang.Long' available: expected at least 1 bean which qualifies as autowire candidate. Dependency annotations: {}
	at org.springframework.beans.factory.support.ConstructorResolver.createArgumentArray(ConstructorResolver.java:769)
	at org.springframework.beans.factory.support.ConstructorResolver.autowireConstructor(ConstructorResolver.java:218)
	at org.springframework.beans.factory.support.AbstractAutowireCapableBeanFactory.autowireConstructor(AbstractAutowireCapableBeanFactory.java:1341)
	at org.springframework.beans.factory.support.AbstractAutowireCapableBeanFactory.createBeanInstance(AbstractAutowireCapableBeanFactory.java:1187)
	at org.springframework.beans.factory.support.AbstractAutowireCapableBeanFactory.doCreateBean(AbstractAutowireCapableBeanFactory.java:555)
	at org.springframework.beans.factory.support.AbstractAutowireCapableBeanFactory.createBean(AbstractAutowireCapableBeanFactory.java:515)
	at org.springframework.beans.factory.support.AbstractBeanFactory.lambda$doGetBean$1(AbstractBeanFactory.java:356)
	at org.springframework.web.context.request.AbstractRequestAttributesScope.get(AbstractRequestAttributesScope.java:45)
	at org.springframework.beans.factory.support.AbstractBeanFactory.doGetBean(AbstractBeanFactory.java:353)
	at org.springframework.beans.factory.support.AbstractBeanFactory.getBean(AbstractBeanFactory.java:199)
	at org.springframework.beans.factory.config.DependencyDescriptor.resolveCandidate(DependencyDescriptor.java:277)
	at org.springframework.beans.factory.support.DefaultListableBeanFactory.doResolveDependency(DefaultListableBeanFactory.java:1255)
	at org.springframework.beans.factory.support.DefaultListableBeanFactory.resolveDependency(DefaultListableBeanFactory.java:1175)
	at org.springframework.beans.factory.annotation.AutowiredAnnotationBeanPostProcessor$AutowiredFieldElement.inject(AutowiredAnnotationBeanPostProcessor.java:595)
	... 29 common frames omitted
Caused by: org.springframework.beans.factory.NoSuchBeanDefinitionException: No qualifying bean of type 'java.lang.Long' available: expected at least 1 bean which qualifies as autowire candidate. Dependency annotations: {}
	at org.springframework.beans.factory.support.DefaultListableBeanFactory.raiseNoMatchingBeanFound(DefaultListableBeanFactory.java:1662)
	at org.springframework.beans.factory.support.DefaultListableBeanFactory.doResolveDependency(DefaultListableBeanFactory.java:1221)
	at org.springframework.beans.factory.support.DefaultListableBeanFactory.resolveDependency(DefaultListableBeanFactory.java:1175)
	at org.springframework.beans.factory.support.ConstructorResolver.resolveAutowiredArgument(ConstructorResolver.java:857)
	at org.springframework.beans.factory.support.ConstructorResolver.createArgumentArray(ConstructorResolver.java:760)
	... 42 common frames omitted
2019-11-06 17:24:37,388 DEBUG org.springframework.context.support.AbstractApplicationContext [Thread-3] Closing org.springframework.web.context.support.GenericWebApplicationContext@7bbc8656, started on Wed Nov 06 17:24:31 CST 2019
2019-11-06 17:24:37,391 INFO org.springframework.scheduling.concurrent.ExecutorConfigurationSupport [Thread-3] Shutting down ExecutorService 'applicationTaskExecutor'
2019-11-06 17:24:37,394 INFO org.springframework.orm.jpa.AbstractEntityManagerFactoryBean [Thread-3] Closing JPA EntityManagerFactory for persistence unit 'default'
2019-11-06 17:24:37,395 INFO org.hibernate.tool.schema.internal.SchemaDropperImpl$DelayedDropActionImpl [Thread-3] HHH000477: Starting delayed evictData of schema as part of SessionFactory shut-down'
2019-11-06 17:24:37,405 INFO com.zaxxer.hikari.HikariDataSource [Thread-3] HikariPool-1 - Shutdown initiated...
2019-11-06 17:24:37,408 INFO com.zaxxer.hikari.HikariDataSource [Thread-3] HikariPool-1 - Shutdown completed.
2019-11-06 17:25:54,350 INFO org.springframework.boot.StartupInfoLogger [main] Starting TransactionRepositoryTest on SAO-LT-191014B with PID 3584 (started by david.martinez in C:\Users\david.martinez\git\exampleApp\ServerApp)
2019-11-06 17:25:54,351 DEBUG org.springframework.boot.StartupInfoLogger [main] Running with Spring Boot v2.1.9.RELEASE, Spring v5.1.10.RELEASE
2019-11-06 17:25:54,352 INFO org.springframework.boot.SpringApplication [main] The following profiles are active: test
2019-11-06 17:25:54,381 DEBUG org.springframework.context.support.AbstractApplicationContext [main] Refreshing org.springframework.web.context.support.GenericWebApplicationContext@7bbc8656
2019-11-06 17:25:55,076 INFO org.springframework.data.repository.config.RepositoryConfigurationDelegate [main] Bootstrapping Spring Data repositories in DEFAULT mode.
2019-11-06 17:25:55,178 INFO org.springframework.data.repository.config.RepositoryConfigurationDelegate [main] Finished Spring Data repository scanning in 91ms. Found 2 repository interfaces.
2019-11-06 17:25:55,637 INFO org.springframework.context.support.PostProcessorRegistrationDelegate$BeanPostProcessorChecker [main] Bean 'org.springframework.transaction.annotation.ProxyTransactionManagementConfiguration' of type [org.springframework.transaction.annotation.ProxyTransactionManagementConfiguration$$EnhancerBySpringCGLIB$$ca0d508f] is not eligible for getting processed by all BeanPostProcessors (for example: not eligible for auto-proxying)
2019-11-06 17:25:55,867 INFO com.zaxxer.hikari.HikariDataSource [main] HikariPool-1 - Starting...
2019-11-06 17:25:56,084 INFO com.zaxxer.hikari.HikariDataSource [main] HikariPool-1 - Start completed.
2019-11-06 17:25:56,166 INFO org.hibernate.jpa.internal.util.LogHelper [main] HHH000204: Processing PersistenceUnitInfo [name: default]
2019-11-06 17:25:56,236 INFO org.hibernate.Version [main] HHH000412: Hibernate Core {5.4.6.Final}
2019-11-06 17:25:56,378 INFO org.hibernate.annotations.common.reflection.java.JavaReflectionManager [main] HCANN000001: Hibernate Commons Annotations {5.1.0.Final}
2019-11-06 17:25:56,674 INFO org.hibernate.dialect.Dialect [main] HHH000400: Using dialect: org.hibernate.dialect.H2Dialect
2019-11-06 17:25:57,384 INFO org.hibernate.engine.transaction.jta.platform.internal.JtaPlatformInitiator [main] HHH000490: Using JtaPlatform implementation: [org.hibernate.engine.transaction.jta.platform.internal.NoJtaPlatform]
2019-11-06 17:25:57,391 INFO org.springframework.orm.jpa.AbstractEntityManagerFactoryBean [main] Initialized JPA EntityManagerFactory for persistence unit 'default'
2019-11-06 17:25:58,300 DEBUG org.springframework.web.servlet.handler.SimpleUrlHandlerMapping [main] Patterns [/**/favicon.ico] in 'faviconHandlerMapping'
2019-11-06 17:25:58,758 INFO org.springframework.scheduling.concurrent.ExecutorConfigurationSupport [main] Initializing ExecutorService 'applicationTaskExecutor'
2019-11-06 17:25:58,778 DEBUG org.springframework.web.servlet.mvc.method.annotation.RequestMappingHandlerAdapter [main] ControllerAdvice beans: 0 @ModelAttribute, 0 @InitBinder, 1 RequestBodyAdvice, 1 ResponseBodyAdvice
2019-11-06 17:25:58,822 WARN org.springframework.boot.autoconfigure.orm.jpa.JpaBaseConfiguration$JpaWebConfiguration$JpaWebMvcConfiguration [main] spring.jpa.open-in-view is enabled by default. Therefore, database queries may be performed during view rendering. Explicitly configure spring.jpa.open-in-view to disable this warning
2019-11-06 17:25:58,885 DEBUG org.springframework.web.servlet.handler.AbstractHandlerMethodMapping [main] 9 mappings in 'requestMappingHandlerMapping'
2019-11-06 17:25:58,945 DEBUG org.springframework.web.servlet.handler.SimpleUrlHandlerMapping [main] Patterns [/webjars/**, /**] in 'resourceHandlerMapping'
2019-11-06 17:25:58,968 DEBUG org.springframework.web.servlet.mvc.method.annotation.ExceptionHandlerExceptionResolver [main] ControllerAdvice beans: 0 @ExceptionHandler, 1 ResponseBodyAdvice
2019-11-06 17:25:59,356 INFO org.springframework.boot.StartupInfoLogger [main] Started TransactionRepositoryTest in 5.395 seconds (JVM running for 6.175)
2019-11-06 17:25:59,512 WARN org.hibernate.action.internal.UnresolvedEntityInsertActions [main] HHH000437: Attempting to save one or more entities that have a non-nullable association with an unsaved transient entity. The unsaved transient entity must be saved in an operation prior to saving these dependent entities.
	Unsaved transient entity: ([com.example.app.model.Account#<null>])
	Dependent entities: ([[com.example.app.model.Transaction#<null>]])
	Non-nullable association(s): ([com.example.app.model.Transaction.account])
2019-11-06 17:25:59,535 DEBUG org.springframework.context.support.AbstractApplicationContext [Thread-3] Closing org.springframework.web.context.support.GenericWebApplicationContext@7bbc8656, started on Wed Nov 06 17:25:54 CST 2019
2019-11-06 17:25:59,539 INFO org.springframework.scheduling.concurrent.ExecutorConfigurationSupport [Thread-3] Shutting down ExecutorService 'applicationTaskExecutor'
2019-11-06 17:25:59,542 INFO org.springframework.orm.jpa.AbstractEntityManagerFactoryBean [Thread-3] Closing JPA EntityManagerFactory for persistence unit 'default'
2019-11-06 17:25:59,542 INFO org.hibernate.tool.schema.internal.SchemaDropperImpl$DelayedDropActionImpl [Thread-3] HHH000477: Starting delayed evictData of schema as part of SessionFactory shut-down'
2019-11-06 17:25:59,545 WARN org.hibernate.engine.jdbc.spi.SqlExceptionHelper [Thread-3] SQL Error: 90121, SQLState: 90121
2019-11-06 17:25:59,546 ERROR org.hibernate.engine.jdbc.spi.SqlExceptionHelper [Thread-3] Database is already closed (to disable automatic closing at VM shutdown, add ";DB_CLOSE_ON_EXIT=FALSE" to the db URL) [90121-199]
2019-11-06 17:25:59,547 WARN org.hibernate.engine.jdbc.spi.SqlExceptionHelper [Thread-3] SQL Error: 90121, SQLState: 90121
2019-11-06 17:25:59,547 ERROR org.hibernate.engine.jdbc.spi.SqlExceptionHelper [Thread-3] Database is already closed (to disable automatic closing at VM shutdown, add ";DB_CLOSE_ON_EXIT=FALSE" to the db URL) [90121-199]
2019-11-06 17:25:59,549 WARN org.springframework.beans.factory.support.DisposableBeanAdapter [Thread-3] Invocation of destroy method failed on bean with name 'entityManagerFactory': org.hibernate.exception.JDBCConnectionException: Unable to release JDBC Connection used for DDL execution
2019-11-06 17:25:59,549 INFO com.zaxxer.hikari.HikariDataSource [Thread-3] HikariPool-1 - Shutdown initiated...
2019-11-06 17:25:59,552 INFO com.zaxxer.hikari.HikariDataSource [Thread-3] HikariPool-1 - Shutdown completed.
2019-11-06 17:27:02,595 INFO org.springframework.boot.StartupInfoLogger [main] Starting TransactionRepositoryTest on SAO-LT-191014B with PID 19588 (started by david.martinez in C:\Users\david.martinez\git\exampleApp\ServerApp)
2019-11-06 17:27:02,597 DEBUG org.springframework.boot.StartupInfoLogger [main] Running with Spring Boot v2.1.9.RELEASE, Spring v5.1.10.RELEASE
2019-11-06 17:27:02,598 INFO org.springframework.boot.SpringApplication [main] The following profiles are active: test
2019-11-06 17:27:02,637 DEBUG org.springframework.context.support.AbstractApplicationContext [main] Refreshing org.springframework.web.context.support.GenericWebApplicationContext@1f9e9475
2019-11-06 17:27:03,389 INFO org.springframework.data.repository.config.RepositoryConfigurationDelegate [main] Bootstrapping Spring Data repositories in DEFAULT mode.
2019-11-06 17:27:03,509 INFO org.springframework.data.repository.config.RepositoryConfigurationDelegate [main] Finished Spring Data repository scanning in 107ms. Found 2 repository interfaces.
2019-11-06 17:27:04,010 INFO org.springframework.context.support.PostProcessorRegistrationDelegate$BeanPostProcessorChecker [main] Bean 'org.springframework.transaction.annotation.ProxyTransactionManagementConfiguration' of type [org.springframework.transaction.annotation.ProxyTransactionManagementConfiguration$$EnhancerBySpringCGLIB$$ca0d508f] is not eligible for getting processed by all BeanPostProcessors (for example: not eligible for auto-proxying)
2019-11-06 17:27:04,243 INFO com.zaxxer.hikari.HikariDataSource [main] HikariPool-1 - Starting...
2019-11-06 17:27:04,465 INFO com.zaxxer.hikari.HikariDataSource [main] HikariPool-1 - Start completed.
2019-11-06 17:27:04,551 INFO org.hibernate.jpa.internal.util.LogHelper [main] HHH000204: Processing PersistenceUnitInfo [name: default]
2019-11-06 17:27:04,615 INFO org.hibernate.Version [main] HHH000412: Hibernate Core {5.4.6.Final}
2019-11-06 17:27:04,759 INFO org.hibernate.annotations.common.reflection.java.JavaReflectionManager [main] HCANN000001: Hibernate Commons Annotations {5.1.0.Final}
2019-11-06 17:27:05,056 INFO org.hibernate.dialect.Dialect [main] HHH000400: Using dialect: org.hibernate.dialect.H2Dialect
2019-11-06 17:27:05,768 INFO org.hibernate.engine.transaction.jta.platform.internal.JtaPlatformInitiator [main] HHH000490: Using JtaPlatform implementation: [org.hibernate.engine.transaction.jta.platform.internal.NoJtaPlatform]
2019-11-06 17:27:05,775 INFO org.springframework.orm.jpa.AbstractEntityManagerFactoryBean [main] Initialized JPA EntityManagerFactory for persistence unit 'default'
2019-11-06 17:27:06,708 DEBUG org.springframework.web.servlet.handler.SimpleUrlHandlerMapping [main] Patterns [/**/favicon.ico] in 'faviconHandlerMapping'
2019-11-06 17:27:07,200 INFO org.springframework.scheduling.concurrent.ExecutorConfigurationSupport [main] Initializing ExecutorService 'applicationTaskExecutor'
2019-11-06 17:27:07,219 DEBUG org.springframework.web.servlet.mvc.method.annotation.RequestMappingHandlerAdapter [main] ControllerAdvice beans: 0 @ModelAttribute, 0 @InitBinder, 1 RequestBodyAdvice, 1 ResponseBodyAdvice
2019-11-06 17:27:07,259 WARN org.springframework.boot.autoconfigure.orm.jpa.JpaBaseConfiguration$JpaWebConfiguration$JpaWebMvcConfiguration [main] spring.jpa.open-in-view is enabled by default. Therefore, database queries may be performed during view rendering. Explicitly configure spring.jpa.open-in-view to disable this warning
2019-11-06 17:27:07,324 DEBUG org.springframework.web.servlet.handler.AbstractHandlerMethodMapping [main] 9 mappings in 'requestMappingHandlerMapping'
2019-11-06 17:27:07,386 DEBUG org.springframework.web.servlet.handler.SimpleUrlHandlerMapping [main] Patterns [/webjars/**, /**] in 'resourceHandlerMapping'
2019-11-06 17:27:07,407 DEBUG org.springframework.web.servlet.mvc.method.annotation.ExceptionHandlerExceptionResolver [main] ControllerAdvice beans: 0 @ExceptionHandler, 1 ResponseBodyAdvice
2019-11-06 17:27:07,784 INFO org.springframework.boot.StartupInfoLogger [main] Started TransactionRepositoryTest in 5.565 seconds (JVM running for 6.329)
2019-11-06 17:27:07,928 WARN org.hibernate.action.internal.UnresolvedEntityInsertActions [main] HHH000437: Attempting to save one or more entities that have a non-nullable association with an unsaved transient entity. The unsaved transient entity must be saved in an operation prior to saving these dependent entities.
	Unsaved transient entity: ([com.example.app.model.Account#<null>])
	Dependent entities: ([[com.example.app.model.Transaction#<null>]])
	Non-nullable association(s): ([com.example.app.model.Transaction.account])
2019-11-06 17:27:07,943 DEBUG org.springframework.context.support.AbstractApplicationContext [Thread-3] Closing org.springframework.web.context.support.GenericWebApplicationContext@1f9e9475, started on Wed Nov 06 17:27:02 CST 2019
2019-11-06 17:27:07,946 INFO org.springframework.scheduling.concurrent.ExecutorConfigurationSupport [Thread-3] Shutting down ExecutorService 'applicationTaskExecutor'
2019-11-06 17:27:07,949 INFO org.springframework.orm.jpa.AbstractEntityManagerFactoryBean [Thread-3] Closing JPA EntityManagerFactory for persistence unit 'default'
2019-11-06 17:27:07,949 INFO org.hibernate.tool.schema.internal.SchemaDropperImpl$DelayedDropActionImpl [Thread-3] HHH000477: Starting delayed evictData of schema as part of SessionFactory shut-down'
2019-11-06 17:27:07,952 WARN org.hibernate.engine.jdbc.spi.SqlExceptionHelper [Thread-3] SQL Error: 90121, SQLState: 90121
2019-11-06 17:27:07,953 ERROR org.hibernate.engine.jdbc.spi.SqlExceptionHelper [Thread-3] Database is already closed (to disable automatic closing at VM shutdown, add ";DB_CLOSE_ON_EXIT=FALSE" to the db URL) [90121-199]
2019-11-06 17:27:07,954 WARN org.hibernate.engine.jdbc.spi.SqlExceptionHelper [Thread-3] SQL Error: 90121, SQLState: 90121
2019-11-06 17:27:07,955 ERROR org.hibernate.engine.jdbc.spi.SqlExceptionHelper [Thread-3] Database is already closed (to disable automatic closing at VM shutdown, add ";DB_CLOSE_ON_EXIT=FALSE" to the db URL) [90121-199]
2019-11-06 17:27:07,956 WARN org.springframework.beans.factory.support.DisposableBeanAdapter [Thread-3] Invocation of destroy method failed on bean with name 'entityManagerFactory': org.hibernate.exception.JDBCConnectionException: Unable to release JDBC Connection used for DDL execution
2019-11-06 17:27:07,956 INFO com.zaxxer.hikari.HikariDataSource [Thread-3] HikariPool-1 - Shutdown initiated...
2019-11-06 17:27:07,959 INFO com.zaxxer.hikari.HikariDataSource [Thread-3] HikariPool-1 - Shutdown completed.
